config
 ('tanh', 0.01, 100, (128,), 100)
model.algo <class 'embeddings.embedding_graphsage.GraphSageEmbedding'>
layer_config (128,)
Accuracy = 0.9029
Precision = 0.8949
Recall = 0.9063
F1 Score = 0.9005
Confusion Matrix 
 [[ 82   0   1   1   0   0   0   2   0   0]
 [  0 397   4   1  18   0   1   2   5   0]
 [  0   0 260   3   6   0   0   6   0   0]
 [  3   2   1 103   1   0   0   0   1   0]
 [  5  22   8   5 949   2   2   7  50   4]
 [  0   0   0   0   4  52   1   0   0   0]
 [  0   1   0   0   1   0  76   0  23   0]
 [  0   1   4   0   3   0   0 150   1   0]
 [  2  12   3   0  28   1  13   1 363   2]
 [  0   0   0   0   3   0   0   0   0  52]]
Test Accuracy 0.9029
config
 ('tanh', 0.01, 100, (128, 128), 100)
model.algo <class 'embeddings.embedding_graphsage.GraphSageEmbedding'>
layer_config (128, 128)
Accuracy = 0.9029
Precision = 0.8831
Recall = 0.9075
F1 Score = 0.8951
Confusion Matrix 
 [[ 81   0   0   2   1   0   0   2   0   0]
 [  0 406   2   1  17   0   1   1  10   0]
 [  0   0 257   3   9   0   0   5   0   0]
 [  3   1   0 102   2   0   0   0   1   0]
 [  7  18  12   5 948   4   2   5  45   4]
 [  0   0   0   0   3  50   1   0   0   0]
 [  0   1   0   0   1   0  71   0  18   0]
 [  0   1   7   0   2   0   0 151   1   0]
 [  1   8   3   0  27   1  18   4 368   4]
 [  0   0   0   0   3   0   0   0   0  50]]
Test Accuracy 0.9029
config
 ('tanh', 0.01, 100, (256, 256), 100)
model.algo <class 'embeddings.embedding_graphsage.GraphSageEmbedding'>
layer_config (256, 256)
Accuracy = 0.9080
Precision = 0.8917
Recall = 0.9135
F1 Score = 0.9025
Confusion Matrix 
 [[ 83   0   0   4   0   0   0   2   0   0]
 [  0 406   0   0  19   0   0   0   4   0]
 [  0   0 261   2   8   0   0   8   0   0]
 [  1   1   0 101   2   0   0   0   1   0]
 [  7  16  15   6 938   1   1   6  36   4]
 [  0   0   0   0   4  54   1   0   0   1]
 [  0   0   0   0   1   0  67   0  13   0]
 [  0   1   3   0   2   0   0 150   1   0]
 [  1  11   2   0  36   0  24   2 388   3]
 [  0   0   0   0   3   0   0   0   0  50]]
Test Accuracy 0.9080
config
 ('tanh', 0.01, 100, (256, 512, 256), 100)
model.algo <class 'embeddings.embedding_graphsage.GraphSageEmbedding'>
layer_config (256, 512, 256)
Accuracy = 0.9000
Precision = 0.8791
Recall = 0.9064
F1 Score = 0.8925
Confusion Matrix 
 [[ 79   0   0   1   0   0   0   2   0   0]
 [  0 409   3   1  25   0   0   2   8   0]
 [  0   0 262   3   7   0   0   8   0   0]
 [  5   1   0 104   5   0   0   0   1   0]
 [  6  14  10   4 938   2   2   6  49   3]
 [  0   0   1   0   4  53   1   0   0   0]
 [  0   0   0   0   1   0  61   0  13   0]
 [  0   1   2   0   2   0   0 147   0   0]
 [  2  10   3   0  28   0  29   3 372   4]
 [  0   0   0   0   3   0   0   0   0  51]]
Test Accuracy 0.9000
config
 ('tanh', 0.01, 200, (128,), 100)
model.algo <class 'embeddings.embedding_graphsage.GraphSageEmbedding'>
layer_config (128,)
Accuracy = 0.9019
Precision = 0.8836
Recall = 0.9067
F1 Score = 0.8950
Confusion Matrix 
 [[ 82   0   0   2   0   0   1   2   0   0]
 [  0 404   3   1  24   0   1   2   7   0]
 [  0   0 258   3   5   0   0   5   0   0]
 [  3   1   0 102   2   0   0   0   1   0]
 [  6  17  14   5 947   4   2   6  47   5]
 [  0   0   0   0   3  51   1   0   0   0]
 [  0   1   0   0   1   0  71   0  21   0]
 [  0   1   4   0   3   0   0 151   1   0]
 [  1  11   2   0  25   0  17   2 366   4]
 [  0   0   0   0   3   0   0   0   0  49]]
Test Accuracy 0.9019
config
 ('tanh', 0.01, 200, (128, 128), 100)
model.algo <class 'embeddings.embedding_graphsage.GraphSageEmbedding'>
layer_config (128, 128)
Accuracy = 0.8909
Precision = 0.8694
Recall = 0.9064
F1 Score = 0.8875
Confusion Matrix 
 [[ 80   0   0   2   0   0   0   2   0   0]
 [  0 408   3   1  32   0   1   2   5   0]
 [  0   0 257   3   7   0   0   9   0   0]
 [  3   0   0 102   2   0   0   0   1   0]
 [  4  11  13   4 898   3   1   5  26   3]
 [  0   0   0   0   3  51   1   0   0   0]
 [  0   0   0   0   1   0  57   0   9   0]
 [  0   1   4   0   2   0   0 147   1   0]
 [  5  15   4   0  65   1  33   3 401   5]
 [  0   0   0   1   3   0   0   0   0  50]]
Test Accuracy 0.8909
config
 ('tanh', 0.01, 200, (256, 256), 100)
model.algo <class 'embeddings.embedding_graphsage.GraphSageEmbedding'>
layer_config (256, 256)
Accuracy = 0.9066
Precision = 0.8924
Recall = 0.9111
F1 Score = 0.9017
Confusion Matrix 
 [[ 82   0   0   1   0   0   0   2   0   0]
 [  0 407   2   1  21   0   1   1   6   0]
 [  0   0 260   2   6   0   0   7   0   0]
 [  3   1   1 103   2   0   1   0   1   0]
 [  6  18  12   6 952   4   1   6  50   4]
 [  0   0   0   0   3  51   1   0   0   0]
 [  0   1   0   0   1   0  74   0  22   0]
 [  0   1   3   0   2   0   0 151   1   0]
 [  1   7   3   0  23   0  15   1 363   3]
 [  0   0   0   0   3   0   0   0   0  51]]
Test Accuracy 0.9066
config
 ('tanh', 0.01, 200, (256, 512, 256), 100)
model.algo <class 'embeddings.embedding_graphsage.GraphSageEmbedding'>
layer_config (256, 512, 256)
Accuracy = 0.8597
Precision = 0.8803
Recall = 0.8624
F1 Score = 0.8713
Confusion Matrix 
 [[ 83   0   0   2   2   0   1   2   1   0]
 [  0 403   3   0  18   0   0   2   6   0]
 [  0   0 257   3   7   0   0   6   0   0]
 [  2   1   1 102   6   0   0   0   1   0]
 [  6  22  11   4 955   2   1   5  69   2]
 [  0   0   0   0   3  53   1   0   0   0]
 [  0   4   1   0   3   0  87   0 145   0]
 [  0   1   4   0   2   0   0 152   1   0]
 [  1   4   4   1  14   0   3   1 220   3]
 [  0   0   0   1   3   0   0   0   0  53]]
Test Accuracy 0.8597
config
 ('tanh', 0.1, 100, (128,), 100)
model.algo <class 'embeddings.embedding_graphsage.GraphSageEmbedding'>
layer_config (128,)
Accuracy = 0.8993
Precision = 0.8786
Recall = 0.9014
F1 Score = 0.8899
Confusion Matrix 
 [[ 78   0   0   3   1   0   0   2   0   0]
 [  1 401   2   2  26   0   0   1  10   0]
 [  0   0 261   2   5   0   0   7   0   0]
 [  2   0   0  95   3   0   0   0   0   0]
 [  4  22  13   8 942   1   1   5  42   2]
 [  0   1   0   2   4  54   1   0   0   0]
 [  2   0   0   0   1   0  71   0  18   0]
 [  0   1   4   0   1   0   0 152   1   0]
 [  5  10   1   1  27   0  20   1 372   8]
 [  0   0   0   0   3   0   0   0   0  48]]
Test Accuracy 0.8993
config
 ('tanh', 0.1, 100, (128, 128), 100)
model.algo <class 'embeddings.embedding_graphsage.GraphSageEmbedding'>
layer_config (128, 128)
Accuracy = 0.8317
Precision = 0.7095
Recall = 0.8026
F1 Score = 0.7532
Confusion Matrix 
 [[ 83   0   0   4   2   0   0   2   0   0]
 [  0 401   7   2  14   0   2   1   8   0]
 [  0   0 163   3   3   0   0   1   0   0]
 [  0   0   0  76   0   0   0   0   0   0]
 [  9  26 110  25 976  55   5  18  78   3]
 [  0   0   0   0   0   0   0   0   0   0]
 [  0   1   0   0   0   0  50   0  10   0]
 [  0   1   1   0   3   0   0 141   1   0]
 [  0   6   0   2  11   0  36   1 346   3]
 [  0   0   0   1   4   0   0   4   0  52]]
Test Accuracy 0.8317
config
 ('tanh', 0.1, 100, (256, 256), 100)
model.algo <class 'embeddings.embedding_graphsage.GraphSageEmbedding'>
layer_config (256, 256)
Accuracy = 0.8862
Precision = 0.8677
Recall = 0.8845
F1 Score = 0.8760
Confusion Matrix 
 [[ 84   0   0   4   2   0   0   1   0   0]
 [  0 387   0   0  14   0   1   1   6   2]
 [  0   2 250   2   9   0   1   2   0   0]
 [  0   4   0  98   4   0   0   0   0   0]
 [  7  25   7   8 946   2   3   6  55   3]
 [  0   0   0   1   3  52   1   0   0   0]
 [  0   0   0   0   1   0  61   0  26   0]
 [  0   1  21   0   2   0   0 154   0   0]
 [  1  16   3   0  29   1  26   4 356   3]
 [  0   0   0   0   3   0   0   0   0  50]]
Test Accuracy 0.8862
config
 ('tanh', 0.1, 100, (256, 512, 256), 100)
model.algo <class 'embeddings.embedding_graphsage.GraphSageEmbedding'>
layer_config (256, 512, 256)
Accuracy = 0.8459
Precision = 0.7299
Recall = 0.8530
F1 Score = 0.7867
Confusion Matrix 
 [[ 80   1   2   9   4   0   0   2   0   0]
 [  2 374   8   0  19   9   1   2   3   2]
 [  1   2 254   1   6   0   0   9   0   0]
 [  1   1   0  87   2   0   0   2   1   0]
 [  6  39  10  11 959  24   7   6  82   7]
 [  0   1   0   1   1  22   0   0   0   0]
 [  0   0   0   0   0   0  13   0   5   0]
 [  0   2   3   2   2   0   0 145   0   1]
 [  2  15   4   2  17   0  72   0 349   4]
 [  0   0   0   0   3   0   0   2   3  44]]
Test Accuracy 0.8459
config
 ('tanh', 0.1, 200, (128,), 100)
model.algo <class 'embeddings.embedding_graphsage.GraphSageEmbedding'>
layer_config (128,)
Accuracy = 0.9015
Precision = 0.8847
Recall = 0.9091
F1 Score = 0.8968
Confusion Matrix 
 [[ 80   0   0   2   0   0   0   2   0   0]
 [  0 398   0   0  17   0   1   0  10   0]
 [  1   0 261   3   7   0   0  11   0   0]
 [  3   1   0 102   2   0   0   0   0   0]
 [  7  24  13   5 947   2   3   5  46   4]
 [  0   0   0   1   4  53   1   0   0   0]
 [  0   0   0   0   1   0  66   0  14   0]
 [  0   1   5   0   3   0   0 149   1   0]
 [  1  11   2   0  29   0  22   1 372   2]
 [  0   0   0   0   3   0   0   0   0  52]]
Test Accuracy 0.9015
config
 ('tanh', 0.1, 200, (128, 128), 100)
model.algo <class 'embeddings.embedding_graphsage.GraphSageEmbedding'>
layer_config (128, 128)
Accuracy = 0.8782
Precision = 0.8884
Recall = 0.8317
F1 Score = 0.8591
Confusion Matrix 
 [[ 79   0   4   3   0   0   0   3   0   0]
 [  1 381   0   0   9   0   0   1   4   0]
 [  0   1 259   3   8   0   0   9   0   0]
 [  5   0   7 102   9   0   0   0   2   0]
 [  3  13   4   2 914   1   2   0  52   1]
 [  0   0   1   1   4  53   1   0   0   0]
 [  0   3   0   0   2   0  75   0  23   0]
 [  0   1   5   0   2   0   0 149   1   0]
 [  1   8   0   0  20   0  14   1 347   0]
 [  3  28   1   2  45   1   1   5  14  57]]
Test Accuracy 0.8782
config
 ('tanh', 0.1, 200, (256, 256), 100)
model.algo <class 'embeddings.embedding_graphsage.GraphSageEmbedding'>
layer_config (256, 256)
Accuracy = 0.9044
Precision = 0.8945
Recall = 0.9014
F1 Score = 0.8979
Confusion Matrix 
 [[ 81   0   0   1   0   0   0   1   0   0]
 [  0 405   1   1  19   0   1   1   2   0]
 [  0   0 263   3   9   1   0   8   0   0]
 [  3   0   1 103   8   0   0   0   2   0]
 [  8  17   9   5 932   1   2   4  40   3]
 [  0   0   0   0   4  53   1   0   0   0]
 [  0   1   0   0   0   0  71   0  20   0]
 [  0   2   4   0   9   0   0 153   3   0]
 [  0  10   3   0  29   0  18   1 376   4]
 [  0   0   0   0   3   0   0   0   0  51]]
Test Accuracy 0.9044
config
 ('tanh', 0.1, 200, (256, 512, 256), 100)
model.algo <class 'embeddings.embedding_graphsage.GraphSageEmbedding'>
layer_config (256, 512, 256)
Accuracy = 0.7365
Precision = 0.7387
Recall = 0.7506
F1 Score = 0.7446
Confusion Matrix 
 [[ 81   0   4   7  10   0   0   3   0   0]
 [  1 318   3   3  56  19   1   6  10   1]
 [  6   2 238   1   5   0   0   8   2   0]
 [  0   0   9  93   5   0   0   1   2   0]
 [  1  47   7   6 837   7   1   1  32  10]
 [  0   1   0   0   2  27   1   0   1   1]
 [  0   6   7   0  19   0  82   0 231   3]
 [  0  18   6   1   5   2   0 148   1   0]
 [  3  43   7   2  71   0   8   1 164   5]
 [  0   0   0   0   3   0   0   0   0  38]]
Test Accuracy 0.7365
config
 ('relu', 0.01, 100, (128,), 100)
model.algo <class 'embeddings.embedding_graphsage.GraphSageEmbedding'>
layer_config (128,)
Accuracy = 0.9022
Precision = 0.8878
Recall = 0.9125
F1 Score = 0.9000
Confusion Matrix 
 [[ 83   0   0   2   0   0   0   2   0   0]
 [  0 409   2   1  18   0   1   1   5   0]
 [  0   0 261   2   5   0   0   7   0   0]
 [  1   1   0 101   2   0   0   0   0   0]
 [  7  16  14   7 962   2   2   6  74   4]
 [  0   0   0   0   3  52   1   0   0   0]
 [  0   1   0   0   1   0  70   0  22   0]
 [  0   1   3   0   3   0   0 151   1   0]
 [  1   7   1   0  16   1  19   1 341   2]
 [  0   0   0   0   3   0   0   0   0  52]]
Test Accuracy 0.9022
config
 ('relu', 0.01, 100, (128, 128), 100)
model.algo <class 'embeddings.embedding_graphsage.GraphSageEmbedding'>
layer_config (128, 128)
Accuracy = 0.9040
Precision = 0.8864
Recall = 0.9081
F1 Score = 0.8971
Confusion Matrix 
 [[ 80   0   0   3   0   0   0   2   0   0]
 [  0 408   5   0  22   0   1   1   9   0]
 [  0   0 256   2   7   0   0   5   0   0]
 [  3   1   0 102   5   0   0   0   1   0]
 [  8  16  12   5 948   1   1   6  48   4]
 [  0   0   0   0   3  53   1   0   0   0]
 [  0   0   0   0   1   0  67   0  15   0]
 [  0   1   5   0   2   0   0 153   1   0]
 [  1   9   3   0  22   1  23   1 369   3]
 [  0   0   0   1   3   0   0   0   0  51]]
Test Accuracy 0.9040
config
 ('relu', 0.01, 100, (256, 256), 100)
model.algo <class 'embeddings.embedding_graphsage.GraphSageEmbedding'>
layer_config (256, 256)
Accuracy = 0.9048
Precision = 0.8850
Recall = 0.9114
F1 Score = 0.8980
Confusion Matrix 
 [[ 84   0   0   2   0   0   0   2   0   0]
 [  0 407   4   0  20   0   1   1   7   0]
 [  0   0 262   3   8   0   0  10   0   0]
 [  2   1   1 101   6   0   0   0   1   0]
 [  4  16   9   5 932   2   1   5  35   5]
 [  0   0   0   0   3  52   1   0   0   0]
 [  0   0   0   0   1   0  64   0  10   0]
 [  0   1   2   0   2   0   0 148   1   0]
 [  2  10   3   1  38   1  26   2 389   3]
 [  0   0   0   1   3   0   0   0   0  50]]
Test Accuracy 0.9048
config
 ('relu', 0.01, 100, (256, 512, 256), 100)
model.algo <class 'embeddings.embedding_graphsage.GraphSageEmbedding'>
layer_config (256, 512, 256)
Accuracy = 0.9044
Precision = 0.8920
Recall = 0.9064
F1 Score = 0.8992
Confusion Matrix 
 [[ 81   0   0   2   0   0   0   2   0   0]
 [  0 397   2   0  13   0   0   0   8   0]
 [  0   1 259   2   8   0   0   9   0   0]
 [  1   0   1 103   4   0   0   0   1   0]
 [  8  20   9   5 948   3   1   5  39   2]
 [  0   0   0   0   3  52   1   0   0   0]
 [  0   2   0   0   1   0  73   0  20   0]
 [  1   1   4   0   2   0   0 149   1   0]
 [  1  14   6   0  31   0  18   3 374   4]
 [  0   0   0   1   3   0   0   0   0  52]]
Test Accuracy 0.9044
config
 ('relu', 0.01, 200, (128,), 100)
model.algo <class 'embeddings.embedding_graphsage.GraphSageEmbedding'>
layer_config (128,)
Accuracy = 0.9044
Precision = 0.8931
Recall = 0.9073
F1 Score = 0.9001
Confusion Matrix 
 [[ 83   0   0   2   0   0   0   2   0   0]
 [  0 408   3   0  18   0   1   2   7   0]
 [  0   0 258   2   5   0   0   7   0   0]
 [  2   1   0 103   3   0   0   0   1   0]
 [  6  17  14   6 952   2   2   6  50   5]
 [  0   0   0   0   3  52   1   0   0   0]
 [  0   1   0   0   1   0  76   0  28   0]
 [  0   1   3   0   3   0   0 150   1   0]
 [  1   7   3   0  25   1  13   1 356   3]
 [  0   0   0   0   3   0   0   0   0  50]]
Test Accuracy 0.9044
config
 ('relu', 0.01, 200, (128, 128), 100)
model.algo <class 'embeddings.embedding_graphsage.GraphSageEmbedding'>
layer_config (128, 128)
Accuracy = 0.9066
Precision = 0.8973
Recall = 0.9003
F1 Score = 0.8988
Confusion Matrix 
 [[ 81   0   0   2   0   0   0   2   0   0]
 [  0 403   3   0  14   0   0   2   6   0]
 [  0   0 271   3   8   0   0  10   0   0]
 [  4   1   2 102   6   0   0   0   1   0]
 [  6  18   1   5 947   2   2   5  43   4]
 [  0   0   0   0   3  52   1   0   0   0]
 [  0   2   0   0   1   0  79   0  31   0]
 [  0   1   0   0   2   0   0 147   1   0]
 [  1  10   4   1  28   1  11   2 361   3]
 [  0   0   0   0   4   0   0   0   0  51]]
Test Accuracy 0.9066
config
 ('relu', 0.01, 200, (256, 256), 100)
model.algo <class 'embeddings.embedding_graphsage.GraphSageEmbedding'>
layer_config (256, 256)
Accuracy = 0.9015
Precision = 0.8787
Recall = 0.9123
F1 Score = 0.8952
Confusion Matrix 
 [[ 82   0   0   2   0   0   0   2   0   0]
 [  0 406   1   0  17   0   1   1  10   0]
 [  0   0 261   2   7   0   0   9   0   0]
 [  1   1   1 101   6   0   0   0   1   0]
 [  8  18  12   6 954   5   2   6  58   4]
 [  0   0   0   0   2  50   1   0   0   0]
 [  0   0   0   0   1   0  66   0  13   0]
 [  0   1   3   0   2   0   0 149   1   0]
 [  1   9   3   1  21   0  23   1 360   3]
 [  0   0   0   1   3   0   0   0   0  51]]
Test Accuracy 0.9015
config
 ('relu', 0.01, 200, (256, 512, 256), 100)
model.algo <class 'embeddings.embedding_graphsage.GraphSageEmbedding'>
layer_config (256, 512, 256)
Accuracy = 0.9019
Precision = 0.8850
Recall = 0.9035
F1 Score = 0.8941
Confusion Matrix 
 [[ 83   0   0   2   1   0   0   2   0   0]
 [  0 401   4   0  17   0   0   1  11   0]
 [  0   1 260   2   7   0   0   9   0   0]
 [  2   1   1 103   8   0   0   0   1   0]
 [  4  20  10   5 944   2   1   6  41   3]
 [  0   0   0   0   3  52   1   0   0   0]
 [  0   0   0   0   1   0  66   0  16   0]
 [  1   1   2   0   2   0   0 148   1   0]
 [  2  11   4   0  27   1  25   2 373   4]
 [  0   0   0   1   3   0   0   0   0  51]]
Test Accuracy 0.9019
config
 ('relu', 0.1, 100, (128,), 100)
model.algo <class 'embeddings.embedding_graphsage.GraphSageEmbedding'>
layer_config (128,)
Accuracy = 0.8949
Precision = 0.8557
Recall = 0.9002
F1 Score = 0.8774
Confusion Matrix 
 [[ 74   0   1   2   0   0   0   2   0   0]
 [  0 405   2   2  20   0   0   1   8   1]
 [  1   0 257   3   5   0   0   5   0   0]
 [  3   1   0 100   2   0   0   1   0   0]
 [ 12  16  16   6 946   3   5   6  42  13]
 [  0   0   0   0   4  51   1   0   0   0]
 [  0   0   1   0   2   0  67   0  20   0]
 [  0   1   3   0   2   0   0 151   3   0]
 [  2  12   1   0  29   1  20   2 370   3]
 [  0   0   0   0   3   0   0   0   0  41]]
Test Accuracy 0.8949
config
 ('relu', 0.1, 100, (128, 128), 100)
model.algo <class 'embeddings.embedding_graphsage.GraphSageEmbedding'>
layer_config (128, 128)
Accuracy = 0.8790
Precision = 0.8422
Recall = 0.9079
F1 Score = 0.8738
Confusion Matrix 
 [[ 78   0   0   2   1   0   0   1   0   0]
 [  0 385   0   2  16   0   0   0   4   0]
 [  1   1 260   4   9   0   0  10   0   0]
 [  4   0   0  96   2   0   0   0   0   0]
 [  7  35  20   9 953   7   3  12  77  11]
 [  0   0   0   0   2  48   1   0   0   0]
 [  0   0   0   0   0   0  65   0  15   0]
 [  0   1   0   0   0   0   0 142   1   0]
 [  2  13   1   0  26   0  24   3 346   2]
 [  0   0   0   0   4   0   0   0   0  45]]
Test Accuracy 0.8790
config
 ('relu', 0.1, 100, (256, 256), 100)
model.algo <class 'embeddings.embedding_graphsage.GraphSageEmbedding'>
layer_config (256, 256)
Accuracy = 0.8379
Precision = 0.7117
Recall = 0.8067
F1 Score = 0.7562
Confusion Matrix 
 [[ 70   0   0   1   0   0   0   2   0   0]
 [  1 352   2   2   7   0   0   3   2   0]
 [  1   1 240   1   4   0   0   7   0   0]
 [  3   3   2  98   5   0   0   0   0   0]
 [  5  33  10   7 955  10   8   6  69   3]
 [  0   0   0   0   1  34   0   1   0   2]
 [  0   0   1   0   0   0  54   0  12   0]
 [  0   1   0   0   0   0   0 141   1   0]
 [ 12  45  24   4  40   4  31   7 359  51]
 [  0   0   2   0   1   7   0   1   0   2]]
Test Accuracy 0.8379
config
 ('relu', 0.1, 100, (256, 512, 256), 100)
model.algo <class 'embeddings.embedding_graphsage.GraphSageEmbedding'>
layer_config (256, 512, 256)
Accuracy = 0.5224
Precision = 0.2797
Recall = 0.4377
F1 Score = 0.3413
Confusion Matrix 
 [[  20    0    0    1    0    0    0    2    0    0]
 [   0  129    0    3    4    3    3    2   15    0]
 [   0    0  151    0    3    0    0    2    0    0]
 [   0    0    0    0    0    0    0    0    0    0]
 [  68  301  116  107 1001   52   89   34  413   56]
 [   0    0    0    0    0    0    0    0    0    0]
 [   2    0    0    0    0    0    0    2    0    1]
 [   0    1    1    0    0    0    0  122    1    0]
 [   2    4   13    2    5    0    1    4   14    1]
 [   0    0    0    0    0    0    0    0    0    0]]
Test Accuracy 0.5224
config
 ('relu', 0.1, 200, (128,), 100)
model.algo <class 'embeddings.embedding_graphsage.GraphSageEmbedding'>
layer_config (128,)
Accuracy = 0.9008
Precision = 0.8747
Recall = 0.9092
F1 Score = 0.8917
Confusion Matrix 
 [[ 79   0   0   2   0   0   0   2   0   0]
 [  0 403   2   1  20   0   0   1   8   0]
 [  0   0 262   3   6   0   0   9   0   0]
 [  2   0   1 102   2   0   0   1   0   0]
 [  8  19   8   5 943   4   3   6  43   8]
 [  0   0   0   0   3  51   1   0   0   0]
 [  0   0   0   0   1   0  68   0  16   0]
 [  0   1   2   0   3   0   0 148   1   0]
 [  3  12   6   0  31   0  21   1 375   3]
 [  0   0   0   0   4   0   0   0   0  47]]
Test Accuracy 0.9008
config
 ('relu', 0.1, 200, (128, 128), 100)
model.algo <class 'embeddings.embedding_graphsage.GraphSageEmbedding'>
layer_config (128, 128)
Accuracy = 0.8506
Precision = 0.7496
Recall = 0.8011
F1 Score = 0.7745
Confusion Matrix 
 [[ 81   0   0   3   0   0   0   2   0   0]
 [  1 386   2   0  18   0   1   0  10   0]
 [  0   0 249   2   4   0   2   5   0   0]
 [  1   0   0  89   0   0   0   0   0   0]
 [  6  34  14  15 963  51   5   7 107   8]
 [  0   0   0   0   0   0   0   0   0   0]
 [  0   1   0   0   1   0  67   0  15   0]
 [  0   1   6   0   2   0   0 150   2   0]
 [  3  13   8   4  21   4  18   4 309   4]
 [  0   0   2   0   4   0   0   0   0  46]]
Test Accuracy 0.8506
config
 ('relu', 0.1, 200, (256, 256), 100)
model.algo <class 'embeddings.embedding_graphsage.GraphSageEmbedding'>
layer_config (256, 256)
Accuracy = 0.8491
Precision = 0.7842
Recall = 0.8713
F1 Score = 0.8255
Confusion Matrix 
 [[ 77   0   0   3   0   0   0   5   0   0]
 [  1 360   0   0   6   0   0   0   1   0]
 [  0   1 239   0   4   0   0   7   0   0]
 [  2   0   0  88   0   0   0   0   0   0]
 [ 11  62  39  17 961   2   8  17  90   4]
 [  0   0   0   0   2  30   0   0   0   0]
 [  0   0   0   0   1   0  56   0  13   0]
 [  0   1   1   1   1   0   0 136   0   0]
 [  1  11   1   2  30   0  28   3 338   3]
 [  0   0   1   2   8  23   1   0   1  51]]
Test Accuracy 0.8491
config
 ('relu', 0.1, 200, (256, 512, 256), 100)
model.algo <class 'embeddings.embedding_graphsage.GraphSageEmbedding'>
layer_config (256, 512, 256)
Accuracy = 0.4918
Precision = 0.2991
Recall = 0.3958
F1 Score = 0.3407
Confusion Matrix 
 [[  25    0    0    8    7    0    0    3    0    0]
 [   0  121    0    0    3    1    3    1   11    0]
 [   0    1   10    0    1    2    2   12    2    0]
 [  37    0    0   86    1    0    0    5    2    0]
 [  30  311  265   19 1000   52   88   36  426   58]
 [   0    0    0    0    0    0    0    0    0    0]
 [   0    0    0    0    0    0    0    0    0    0]
 [   0    1    1    0    0    0    0  110    1    0]
 [   0    1    5    0    1    0    0    1    1    0]
 [   0    0    0    0    0    0    0    0    0    0]]
Test Accuracy 0.4918
config
 ('tanh', 0.01, 100, (128,), 100)
model.algo <class 'embeddings.embedding_graphsage.GraphSageEmbeddingHubAware'>
layer_config (128,)
Accuracy = 0.3682
Precision = 0.1000
Recall = 0.0368
F1 Score = 0.0538
Confusion Matrix 
 [[   0    0    0    0    0    0    0    0    0    0]
 [   0    0    0    0    0    0    0    0    0    0]
 [   0    0    0    0    0    0    0    0    0    0]
 [   0    0    0    0    0    0    0    0    0    0]
 [  92  435  281  113 1013   55   93  168  443   58]
 [   0    0    0    0    0    0    0    0    0    0]
 [   0    0    0    0    0    0    0    0    0    0]
 [   0    0    0    0    0    0    0    0    0    0]
 [   0    0    0    0    0    0    0    0    0    0]
 [   0    0    0    0    0    0    0    0    0    0]]
Test Accuracy 0.3682
config
 ('tanh', 0.01, 100, (128, 128), 100)
model.algo <class 'embeddings.embedding_graphsage.GraphSageEmbeddingHubAware'>
layer_config (128, 128)
Accuracy = 0.3682
Precision = 0.1000
Recall = 0.0368
F1 Score = 0.0538
Confusion Matrix 
 [[   0    0    0    0    0    0    0    0    0    0]
 [   0    0    0    0    0    0    0    0    0    0]
 [   0    0    0    0    0    0    0    0    0    0]
 [   0    0    0    0    0    0    0    0    0    0]
 [  92  435  281  113 1013   55   93  168  443   58]
 [   0    0    0    0    0    0    0    0    0    0]
 [   0    0    0    0    0    0    0    0    0    0]
 [   0    0    0    0    0    0    0    0    0    0]
 [   0    0    0    0    0    0    0    0    0    0]
 [   0    0    0    0    0    0    0    0    0    0]]
Test Accuracy 0.3682
config
 ('tanh', 0.01, 100, (256, 256), 100)
model.algo <class 'embeddings.embedding_graphsage.GraphSageEmbeddingHubAware'>
layer_config (256, 256)
Accuracy = 0.3682
Precision = 0.1000
Recall = 0.0368
F1 Score = 0.0538
Confusion Matrix 
 [[   0    0    0    0    0    0    0    0    0    0]
 [   0    0    0    0    0    0    0    0    0    0]
 [   0    0    0    0    0    0    0    0    0    0]
 [   0    0    0    0    0    0    0    0    0    0]
 [  92  435  281  113 1013   55   93  168  443   58]
 [   0    0    0    0    0    0    0    0    0    0]
 [   0    0    0    0    0    0    0    0    0    0]
 [   0    0    0    0    0    0    0    0    0    0]
 [   0    0    0    0    0    0    0    0    0    0]
 [   0    0    0    0    0    0    0    0    0    0]]
Test Accuracy 0.3682
config
 ('tanh', 0.01, 100, (256, 512, 256), 100)
model.algo <class 'embeddings.embedding_graphsage.GraphSageEmbeddingHubAware'>
layer_config (256, 512, 256)
Accuracy = 0.3682
Precision = 0.1000
Recall = 0.0368
F1 Score = 0.0538
Confusion Matrix 
 [[   0    0    0    0    0    0    0    0    0    0]
 [   0    0    0    0    0    0    0    0    0    0]
 [   0    0    0    0    0    0    0    0    0    0]
 [   0    0    0    0    0    0    0    0    0    0]
 [  92  435  281  113 1013   55   93  168  443   58]
 [   0    0    0    0    0    0    0    0    0    0]
 [   0    0    0    0    0    0    0    0    0    0]
 [   0    0    0    0    0    0    0    0    0    0]
 [   0    0    0    0    0    0    0    0    0    0]
 [   0    0    0    0    0    0    0    0    0    0]]
Test Accuracy 0.3682
config
 ('tanh', 0.01, 200, (128,), 100)
model.algo <class 'embeddings.embedding_graphsage.GraphSageEmbeddingHubAware'>
layer_config (128,)
Accuracy = 0.3682
Precision = 0.1000
Recall = 0.0368
F1 Score = 0.0538
Confusion Matrix 
 [[   0    0    0    0    0    0    0    0    0    0]
 [   0    0    0    0    0    0    0    0    0    0]
 [   0    0    0    0    0    0    0    0    0    0]
 [   0    0    0    0    0    0    0    0    0    0]
 [  92  435  281  113 1013   55   93  168  443   58]
 [   0    0    0    0    0    0    0    0    0    0]
 [   0    0    0    0    0    0    0    0    0    0]
 [   0    0    0    0    0    0    0    0    0    0]
 [   0    0    0    0    0    0    0    0    0    0]
 [   0    0    0    0    0    0    0    0    0    0]]
Test Accuracy 0.3682
config
 ('tanh', 0.01, 200, (128, 128), 100)
model.algo <class 'embeddings.embedding_graphsage.GraphSageEmbeddingHubAware'>
layer_config (128, 128)
Accuracy = 0.3682
Precision = 0.1000
Recall = 0.0368
F1 Score = 0.0538
Confusion Matrix 
 [[   0    0    0    0    0    0    0    0    0    0]
 [   0    0    0    0    0    0    0    0    0    0]
 [   0    0    0    0    0    0    0    0    0    0]
 [   0    0    0    0    0    0    0    0    0    0]
 [  92  435  281  113 1013   55   93  168  443   58]
 [   0    0    0    0    0    0    0    0    0    0]
 [   0    0    0    0    0    0    0    0    0    0]
 [   0    0    0    0    0    0    0    0    0    0]
 [   0    0    0    0    0    0    0    0    0    0]
 [   0    0    0    0    0    0    0    0    0    0]]
Test Accuracy 0.3682
config
 ('tanh', 0.01, 200, (256, 256), 100)
model.algo <class 'embeddings.embedding_graphsage.GraphSageEmbeddingHubAware'>
layer_config (256, 256)
Accuracy = 0.3682
Precision = 0.1000
Recall = 0.0368
F1 Score = 0.0538
Confusion Matrix 
 [[   0    0    0    0    0    0    0    0    0    0]
 [   0    0    0    0    0    0    0    0    0    0]
 [   0    0    0    0    0    0    0    0    0    0]
 [   0    0    0    0    0    0    0    0    0    0]
 [  92  435  281  113 1013   55   93  168  443   58]
 [   0    0    0    0    0    0    0    0    0    0]
 [   0    0    0    0    0    0    0    0    0    0]
 [   0    0    0    0    0    0    0    0    0    0]
 [   0    0    0    0    0    0    0    0    0    0]
 [   0    0    0    0    0    0    0    0    0    0]]
Test Accuracy 0.3682
config
 ('tanh', 0.01, 200, (256, 512, 256), 100)
model.algo <class 'embeddings.embedding_graphsage.GraphSageEmbeddingHubAware'>
layer_config (256, 512, 256)
Accuracy = 0.3682
Precision = 0.1000
Recall = 0.0368
F1 Score = 0.0538
Confusion Matrix 
 [[   0    0    0    0    0    0    0    0    0    0]
 [   0    0    0    0    0    0    0    0    0    0]
 [   0    0    0    0    0    0    0    0    0    0]
 [   0    0    0    0    0    0    0    0    0    0]
 [  92  435  281  113 1013   55   93  168  443   58]
 [   0    0    0    0    0    0    0    0    0    0]
 [   0    0    0    0    0    0    0    0    0    0]
 [   0    0    0    0    0    0    0    0    0    0]
 [   0    0    0    0    0    0    0    0    0    0]
 [   0    0    0    0    0    0    0    0    0    0]]
Test Accuracy 0.3682
config
 ('tanh', 0.1, 100, (128,), 100)
model.algo <class 'embeddings.embedding_graphsage.GraphSageEmbeddingHubAware'>
layer_config (128,)
Accuracy = 0.3682
Precision = 0.1000
Recall = 0.0368
F1 Score = 0.0538
Confusion Matrix 
 [[   0    0    0    0    0    0    0    0    0    0]
 [   0    0    0    0    0    0    0    0    0    0]
 [   0    0    0    0    0    0    0    0    0    0]
 [   0    0    0    0    0    0    0    0    0    0]
 [  92  435  281  113 1013   55   93  168  443   58]
 [   0    0    0    0    0    0    0    0    0    0]
 [   0    0    0    0    0    0    0    0    0    0]
 [   0    0    0    0    0    0    0    0    0    0]
 [   0    0    0    0    0    0    0    0    0    0]
 [   0    0    0    0    0    0    0    0    0    0]]
Test Accuracy 0.3682
config
 ('tanh', 0.1, 100, (128, 128), 100)
model.algo <class 'embeddings.embedding_graphsage.GraphSageEmbeddingHubAware'>
layer_config (128, 128)
Accuracy = 0.3682
Precision = 0.1000
Recall = 0.0368
F1 Score = 0.0538
Confusion Matrix 
 [[   0    0    0    0    0    0    0    0    0    0]
 [   0    0    0    0    0    0    0    0    0    0]
 [   0    0    0    0    0    0    0    0    0    0]
 [   0    0    0    0    0    0    0    0    0    0]
 [  92  435  281  113 1013   55   93  168  443   58]
 [   0    0    0    0    0    0    0    0    0    0]
 [   0    0    0    0    0    0    0    0    0    0]
 [   0    0    0    0    0    0    0    0    0    0]
 [   0    0    0    0    0    0    0    0    0    0]
 [   0    0    0    0    0    0    0    0    0    0]]
Test Accuracy 0.3682
config
 ('tanh', 0.1, 100, (256, 256), 100)
model.algo <class 'embeddings.embedding_graphsage.GraphSageEmbeddingHubAware'>
layer_config (256, 256)
Accuracy = 0.3682
Precision = 0.1000
Recall = 0.0368
F1 Score = 0.0538
Confusion Matrix 
 [[   0    0    0    0    0    0    0    0    0    0]
 [   0    0    0    0    0    0    0    0    0    0]
 [   0    0    0    0    0    0    0    0    0    0]
 [   0    0    0    0    0    0    0    0    0    0]
 [  92  435  281  113 1013   55   93  168  443   58]
 [   0    0    0    0    0    0    0    0    0    0]
 [   0    0    0    0    0    0    0    0    0    0]
 [   0    0    0    0    0    0    0    0    0    0]
 [   0    0    0    0    0    0    0    0    0    0]
 [   0    0    0    0    0    0    0    0    0    0]]
Test Accuracy 0.3682
config
 ('tanh', 0.1, 100, (256, 512, 256), 100)
model.algo <class 'embeddings.embedding_graphsage.GraphSageEmbeddingHubAware'>
layer_config (256, 512, 256)
Accuracy = 0.3693
Precision = 0.1030
Recall = 0.0948
F1 Score = 0.0988
Confusion Matrix 
 [[   0    0    0    0    0    0    0    0    0    0]
 [   0    0    0    0    0    0    0    0    0    0]
 [   0    0    0    0    0    0    0    0    0    0]
 [   1    0    0    0    0    0    9    0    2    2]
 [  54  435  281  113 1012   55   40  166  419   55]
 [   0    0    0    0    0    0    0    0    0    0]
 [   1    0    0    0    0    0    0    0    1    0]
 [  36    0    0    0    0    0   26    2   12    0]
 [   0    0    0    0    0    0    1    0    1    0]
 [   0    0    0    0    1    0   17    0    8    1]]
Test Accuracy 0.3693
config
 ('tanh', 0.1, 200, (128,), 100)
model.algo <class 'embeddings.embedding_graphsage.GraphSageEmbeddingHubAware'>
layer_config (128,)
Accuracy = 0.3682
Precision = 0.1000
Recall = 0.0368
F1 Score = 0.0538
Confusion Matrix 
 [[   0    0    0    0    0    0    0    0    0    0]
 [   0    0    0    0    0    0    0    0    0    0]
 [   0    0    0    0    0    0    0    0    0    0]
 [   0    0    0    0    0    0    0    0    0    0]
 [  92  435  281  113 1013   55   93  168  443   58]
 [   0    0    0    0    0    0    0    0    0    0]
 [   0    0    0    0    0    0    0    0    0    0]
 [   0    0    0    0    0    0    0    0    0    0]
 [   0    0    0    0    0    0    0    0    0    0]
 [   0    0    0    0    0    0    0    0    0    0]]
Test Accuracy 0.3682
config
 ('tanh', 0.1, 200, (128, 128), 100)
model.algo <class 'embeddings.embedding_graphsage.GraphSageEmbeddingHubAware'>
layer_config (128, 128)
Accuracy = 0.3682
Precision = 0.1000
Recall = 0.0368
F1 Score = 0.0538
Confusion Matrix 
 [[   0    0    0    0    0    0    0    0    0    0]
 [   0    0    0    0    0    0    0    0    0    0]
 [   0    0    0    0    0    0    0    0    0    0]
 [   0    0    0    0    0    0    0    0    0    0]
 [  92  435  281  113 1013   55   93  168  443   58]
 [   0    0    0    0    0    0    0    0    0    0]
 [   0    0    0    0    0    0    0    0    0    0]
 [   0    0    0    0    0    0    0    0    0    0]
 [   0    0    0    0    0    0    0    0    0    0]
 [   0    0    0    0    0    0    0    0    0    0]]
Test Accuracy 0.3682
config
 ('tanh', 0.1, 200, (256, 256), 100)
model.algo <class 'embeddings.embedding_graphsage.GraphSageEmbeddingHubAware'>
layer_config (256, 256)
Accuracy = 0.3682
Precision = 0.1000
Recall = 0.0368
F1 Score = 0.0538
Confusion Matrix 
 [[   0    0    0    0    0    0    0    0    0    0]
 [   0    0    0    0    0    0    0    0    0    0]
 [   0    0    0    0    0    0    0    0    0    0]
 [   0    0    0    0    0    0    0    0    0    0]
 [  92  435  281  113 1013   55   93  168  443   58]
 [   0    0    0    0    0    0    0    0    0    0]
 [   0    0    0    0    0    0    0    0    0    0]
 [   0    0    0    0    0    0    0    0    0    0]
 [   0    0    0    0    0    0    0    0    0    0]
 [   0    0    0    0    0    0    0    0    0    0]]
Test Accuracy 0.3682
config
 ('tanh', 0.1, 200, (256, 512, 256), 100)
model.algo <class 'embeddings.embedding_graphsage.GraphSageEmbeddingHubAware'>
layer_config (256, 512, 256)
Accuracy = 0.3682
Precision = 0.1000
Recall = 0.0368
F1 Score = 0.0538
Confusion Matrix 
 [[   0    0    0    0    0    0    0    0    0    0]
 [   0    0    0    0    0    0    0    0    0    0]
 [   0    0    0    0    0    0    0    0    0    0]
 [   0    0    0    0    0    0    0    0    0    0]
 [  92  435  281  113 1013   55   93  168  443   58]
 [   0    0    0    0    0    0    0    0    0    0]
 [   0    0    0    0    0    0    0    0    0    0]
 [   0    0    0    0    0    0    0    0    0    0]
 [   0    0    0    0    0    0    0    0    0    0]
 [   0    0    0    0    0    0    0    0    0    0]]
Test Accuracy 0.3682
config
 ('relu', 0.01, 100, (128,), 100)
model.algo <class 'embeddings.embedding_graphsage.GraphSageEmbeddingHubAware'>
layer_config (128,)
Accuracy = 0.3682
Precision = 0.1000
Recall = 0.0368
F1 Score = 0.0538
Confusion Matrix 
 [[   0    0    0    0    0    0    0    0    0    0]
 [   0    0    0    0    0    0    0    0    0    0]
 [   0    0    0    0    0    0    0    0    0    0]
 [   0    0    0    0    0    0    0    0    0    0]
 [  92  435  281  113 1013   55   93  168  443   58]
 [   0    0    0    0    0    0    0    0    0    0]
 [   0    0    0    0    0    0    0    0    0    0]
 [   0    0    0    0    0    0    0    0    0    0]
 [   0    0    0    0    0    0    0    0    0    0]
 [   0    0    0    0    0    0    0    0    0    0]]
Test Accuracy 0.3682
config
 ('relu', 0.01, 100, (128, 128), 100)
model.algo <class 'embeddings.embedding_graphsage.GraphSageEmbeddingHubAware'>
layer_config (128, 128)
Accuracy = 0.3682
Precision = 0.1000
Recall = 0.0368
F1 Score = 0.0538
Confusion Matrix 
 [[   0    0    0    0    0    0    0    0    0    0]
 [   0    0    0    0    0    0    0    0    0    0]
 [   0    0    0    0    0    0    0    0    0    0]
 [   0    0    0    0    0    0    0    0    0    0]
 [  92  435  281  113 1013   55   93  168  443   58]
 [   0    0    0    0    0    0    0    0    0    0]
 [   0    0    0    0    0    0    0    0    0    0]
 [   0    0    0    0    0    0    0    0    0    0]
 [   0    0    0    0    0    0    0    0    0    0]
 [   0    0    0    0    0    0    0    0    0    0]]
Test Accuracy 0.3682
config
 ('relu', 0.01, 100, (256, 256), 100)
model.algo <class 'embeddings.embedding_graphsage.GraphSageEmbeddingHubAware'>
layer_config (256, 256)
Accuracy = 0.3682
Precision = 0.1000
Recall = 0.0368
F1 Score = 0.0538
Confusion Matrix 
 [[   0    0    0    0    0    0    0    0    0    0]
 [   0    0    0    0    0    0    0    0    0    0]
 [   0    0    0    0    0    0    0    0    0    0]
 [   0    0    0    0    0    0    0    0    0    0]
 [  92  435  281  113 1013   55   93  168  443   58]
 [   0    0    0    0    0    0    0    0    0    0]
 [   0    0    0    0    0    0    0    0    0    0]
 [   0    0    0    0    0    0    0    0    0    0]
 [   0    0    0    0    0    0    0    0    0    0]
 [   0    0    0    0    0    0    0    0    0    0]]
Test Accuracy 0.3682
config
 ('relu', 0.01, 100, (256, 512, 256), 100)
model.algo <class 'embeddings.embedding_graphsage.GraphSageEmbeddingHubAware'>
layer_config (256, 512, 256)
Accuracy = 0.3682
Precision = 0.1000
Recall = 0.0368
F1 Score = 0.0538
Confusion Matrix 
 [[   0    0    0    0    0    0    0    0    0    0]
 [   0    0    0    0    0    0    0    0    0    0]
 [   0    0    0    0    0    0    0    0    0    0]
 [   0    0    0    0    0    0    0    0    0    0]
 [  92  435  281  113 1013   55   93  168  443   58]
 [   0    0    0    0    0    0    0    0    0    0]
 [   0    0    0    0    0    0    0    0    0    0]
 [   0    0    0    0    0    0    0    0    0    0]
 [   0    0    0    0    0    0    0    0    0    0]
 [   0    0    0    0    0    0    0    0    0    0]]
Test Accuracy 0.3682
config
 ('relu', 0.01, 200, (128,), 100)
model.algo <class 'embeddings.embedding_graphsage.GraphSageEmbeddingHubAware'>
layer_config (128,)
Accuracy = 0.3682
Precision = 0.1000
Recall = 0.0368
F1 Score = 0.0538
Confusion Matrix 
 [[   0    0    0    0    0    0    0    0    0    0]
 [   0    0    0    0    0    0    0    0    0    0]
 [   0    0    0    0    0    0    0    0    0    0]
 [   0    0    0    0    0    0    0    0    0    0]
 [  92  435  281  113 1013   55   93  168  443   58]
 [   0    0    0    0    0    0    0    0    0    0]
 [   0    0    0    0    0    0    0    0    0    0]
 [   0    0    0    0    0    0    0    0    0    0]
 [   0    0    0    0    0    0    0    0    0    0]
 [   0    0    0    0    0    0    0    0    0    0]]
Test Accuracy 0.3682
config
 ('relu', 0.01, 200, (128, 128), 100)
model.algo <class 'embeddings.embedding_graphsage.GraphSageEmbeddingHubAware'>
layer_config (128, 128)
Accuracy = 0.3682
Precision = 0.1000
Recall = 0.0368
F1 Score = 0.0538
Confusion Matrix 
 [[   0    0    0    0    0    0    0    0    0    0]
 [   0    0    0    0    0    0    0    0    0    0]
 [   0    0    0    0    0    0    0    0    0    0]
 [   0    0    0    0    0    0    0    0    0    0]
 [  92  435  281  113 1013   55   93  168  443   58]
 [   0    0    0    0    0    0    0    0    0    0]
 [   0    0    0    0    0    0    0    0    0    0]
 [   0    0    0    0    0    0    0    0    0    0]
 [   0    0    0    0    0    0    0    0    0    0]
 [   0    0    0    0    0    0    0    0    0    0]]
Test Accuracy 0.3682
config
 ('relu', 0.01, 200, (256, 256), 100)
model.algo <class 'embeddings.embedding_graphsage.GraphSageEmbeddingHubAware'>
layer_config (256, 256)
Accuracy = 0.3682
Precision = 0.1000
Recall = 0.0368
F1 Score = 0.0538
Confusion Matrix 
 [[   0    0    0    0    0    0    0    0    0    0]
 [   0    0    0    0    0    0    0    0    0    0]
 [   0    0    0    0    0    0    0    0    0    0]
 [   0    0    0    0    0    0    0    0    0    0]
 [  92  435  281  113 1013   55   93  168  443   58]
 [   0    0    0    0    0    0    0    0    0    0]
 [   0    0    0    0    0    0    0    0    0    0]
 [   0    0    0    0    0    0    0    0    0    0]
 [   0    0    0    0    0    0    0    0    0    0]
 [   0    0    0    0    0    0    0    0    0    0]]
Test Accuracy 0.3682
config
 ('relu', 0.01, 200, (256, 512, 256), 100)
model.algo <class 'embeddings.embedding_graphsage.GraphSageEmbeddingHubAware'>
layer_config (256, 512, 256)
Accuracy = 0.3682
Precision = 0.1000
Recall = 0.0368
F1 Score = 0.0538
Confusion Matrix 
 [[   0    0    0    0    0    0    0    0    0    0]
 [   0    0    0    0    0    0    0    0    0    0]
 [   0    0    0    0    0    0    0    0    0    0]
 [   0    0    0    0    0    0    0    0    0    0]
 [  92  435  281  113 1013   55   93  168  443   58]
 [   0    0    0    0    0    0    0    0    0    0]
 [   0    0    0    0    0    0    0    0    0    0]
 [   0    0    0    0    0    0    0    0    0    0]
 [   0    0    0    0    0    0    0    0    0    0]
 [   0    0    0    0    0    0    0    0    0    0]]
Test Accuracy 0.3682
config
 ('relu', 0.1, 100, (128,), 100)
model.algo <class 'embeddings.embedding_graphsage.GraphSageEmbeddingHubAware'>
layer_config (128,)
Accuracy = 0.3682
Precision = 0.1000
Recall = 0.0368
F1 Score = 0.0538
Confusion Matrix 
 [[   0    0    0    0    0    0    0    0    0    0]
 [   0    0    0    0    0    0    0    0    0    0]
 [   0    0    0    0    0    0    0    0    0    0]
 [   0    0    0    0    0    0    0    0    0    0]
 [  92  435  281  113 1013   55   93  168  443   58]
 [   0    0    0    0    0    0    0    0    0    0]
 [   0    0    0    0    0    0    0    0    0    0]
 [   0    0    0    0    0    0    0    0    0    0]
 [   0    0    0    0    0    0    0    0    0    0]
 [   0    0    0    0    0    0    0    0    0    0]]
Test Accuracy 0.3682
config
 ('relu', 0.1, 100, (128, 128), 100)
model.algo <class 'embeddings.embedding_graphsage.GraphSageEmbeddingHubAware'>
layer_config (128, 128)
Accuracy = 0.3682
Precision = 0.1000
Recall = 0.0368
F1 Score = 0.0538
Confusion Matrix 
 [[   0    0    0    0    0    0    0    0    0    0]
 [   0    0    0    0    0    0    0    0    0    0]
 [   0    0    0    0    0    0    0    0    0    0]
 [   0    0    0    0    0    0    0    0    0    0]
 [  92  435  281  113 1013   55   93  168  443   58]
 [   0    0    0    0    0    0    0    0    0    0]
 [   0    0    0    0    0    0    0    0    0    0]
 [   0    0    0    0    0    0    0    0    0    0]
 [   0    0    0    0    0    0    0    0    0    0]
 [   0    0    0    0    0    0    0    0    0    0]]
Test Accuracy 0.3682
config
 ('relu', 0.1, 100, (256, 256), 100)
model.algo <class 'embeddings.embedding_graphsage.GraphSageEmbeddingHubAware'>
layer_config (256, 256)
Accuracy = 0.3682
Precision = 0.1000
Recall = 0.0368
F1 Score = 0.0538
Confusion Matrix 
 [[   0    0    0    0    0    0    0    0    0    0]
 [   0    0    0    0    0    0    0    0    0    0]
 [   0    0    0    0    0    0    0    0    0    0]
 [   0    0    0    0    0    0    0    0    0    0]
 [  92  435  281  113 1013   55   93  168  443   58]
 [   0    0    0    0    0    0    0    0    0    0]
 [   0    0    0    0    0    0    0    0    0    0]
 [   0    0    0    0    0    0    0    0    0    0]
 [   0    0    0    0    0    0    0    0    0    0]
 [   0    0    0    0    0    0    0    0    0    0]]
Test Accuracy 0.3682
config
 ('relu', 0.1, 100, (256, 512, 256), 100)
model.algo <class 'embeddings.embedding_graphsage.GraphSageEmbeddingHubAware'>
layer_config (256, 512, 256)
Accuracy = 0.3682
Precision = 0.1000
Recall = 0.0368
F1 Score = 0.0538
Confusion Matrix 
 [[   0    0    0    0    0    0    0    0    0    0]
 [   0    0    0    0    0    0    0    0    0    0]
 [   0    0    0    0    0    0    0    0    0    0]
 [   0    0    0    0    0    0    0    0    0    0]
 [  92  435  281  113 1013   55   93  168  443   58]
 [   0    0    0    0    0    0    0    0    0    0]
 [   0    0    0    0    0    0    0    0    0    0]
 [   0    0    0    0    0    0    0    0    0    0]
 [   0    0    0    0    0    0    0    0    0    0]
 [   0    0    0    0    0    0    0    0    0    0]]
Test Accuracy 0.3682
config
 ('relu', 0.1, 200, (128,), 100)
model.algo <class 'embeddings.embedding_graphsage.GraphSageEmbeddingHubAware'>
layer_config (128,)
Accuracy = 0.3682
Precision = 0.1000
Recall = 0.0368
F1 Score = 0.0538
Confusion Matrix 
 [[   0    0    0    0    0    0    0    0    0    0]
 [   0    0    0    0    0    0    0    0    0    0]
 [   0    0    0    0    0    0    0    0    0    0]
 [   0    0    0    0    0    0    0    0    0    0]
 [  92  435  281  113 1013   55   93  168  443   58]
 [   0    0    0    0    0    0    0    0    0    0]
 [   0    0    0    0    0    0    0    0    0    0]
 [   0    0    0    0    0    0    0    0    0    0]
 [   0    0    0    0    0    0    0    0    0    0]
 [   0    0    0    0    0    0    0    0    0    0]]
Test Accuracy 0.3682
config
 ('relu', 0.1, 200, (128, 128), 100)
model.algo <class 'embeddings.embedding_graphsage.GraphSageEmbeddingHubAware'>
layer_config (128, 128)
Accuracy = 0.3682
Precision = 0.1000
Recall = 0.0368
F1 Score = 0.0538
Confusion Matrix 
 [[   0    0    0    0    0    0    0    0    0    0]
 [   0    0    0    0    0    0    0    0    0    0]
 [   0    0    0    0    0    0    0    0    0    0]
 [   0    0    0    0    0    0    0    0    0    0]
 [  92  435  281  113 1013   55   93  168  443   58]
 [   0    0    0    0    0    0    0    0    0    0]
 [   0    0    0    0    0    0    0    0    0    0]
 [   0    0    0    0    0    0    0    0    0    0]
 [   0    0    0    0    0    0    0    0    0    0]
 [   0    0    0    0    0    0    0    0    0    0]]
Test Accuracy 0.3682
config
 ('relu', 0.1, 200, (256, 256), 100)
model.algo <class 'embeddings.embedding_graphsage.GraphSageEmbeddingHubAware'>
layer_config (256, 256)
Accuracy = 0.3682
Precision = 0.1000
Recall = 0.0368
F1 Score = 0.0538
Confusion Matrix 
 [[   0    0    0    0    0    0    0    0    0    0]
 [   0    0    0    0    0    0    0    0    0    0]
 [   0    0    0    0    0    0    0    0    0    0]
 [   0    0    0    0    0    0    0    0    0    0]
 [  92  435  281  113 1013   55   93  168  443   58]
 [   0    0    0    0    0    0    0    0    0    0]
 [   0    0    0    0    0    0    0    0    0    0]
 [   0    0    0    0    0    0    0    0    0    0]
 [   0    0    0    0    0    0    0    0    0    0]
 [   0    0    0    0    0    0    0    0    0    0]]
Test Accuracy 0.3682
config
 ('relu', 0.1, 200, (256, 512, 256), 100)
model.algo <class 'embeddings.embedding_graphsage.GraphSageEmbeddingHubAware'>
layer_config (256, 512, 256)
Accuracy = 0.3682
Precision = 0.1000
Recall = 0.0368
F1 Score = 0.0538
Confusion Matrix 
 [[   0    0    0    0    0    0    0    0    0    0]
 [   0    0    0    0    0    0    0    0    0    0]
 [   0    0    0    0    0    0    0    0    0    0]
 [   0    0    0    0    0    0    0    0    0    0]
 [  92  435  281  113 1013   55   93  168  443   58]
 [   0    0    0    0    0    0    0    0    0    0]
 [   0    0    0    0    0    0    0    0    0    0]
 [   0    0    0    0    0    0    0    0    0    0]
 [   0    0    0    0    0    0    0    0    0    0]
 [   0    0    0    0    0    0    0    0    0    0]]
Test Accuracy 0.3682
config
 ('tanh', 0.01, 100, (128,), 100)
model.algo <class 'embeddings.embedding_graphsage.GraphSageEmbeddingBadAware'>
layer_config (128,)
Accuracy = 0.6350
Precision = 0.3439
Recall = 0.3217
F1 Score = 0.3324
Confusion Matrix 
 [[  0   0   0   0   0   0   0   0   0   0]
 [  0  78   1   7  10   2   0  13  30   7]
 [ 36   1 246  17   9   4   1  21   0  22]
 [  0   0   0   0   0   0   0   0   0   0]
 [ 56 320  34  89 978   2   4  21  80  26]
 [  0   0   0   0   0   0   0   0   0   0]
 [  0   0   0   0   0   0   0   0   0   0]
 [  0   0   0   0   3  47   0 112   0   0]
 [  0  36   0   0  13   0  88   1 333   3]
 [  0   0   0   0   0   0   0   0   0   0]]
Test Accuracy 0.6350
config
 ('tanh', 0.01, 100, (128, 128), 100)
model.algo <class 'embeddings.embedding_graphsage.GraphSageEmbeddingBadAware'>
layer_config (128, 128)
Accuracy = 0.7397
Precision = 0.4288
Recall = 0.4689
F1 Score = 0.4479
Confusion Matrix 
 [[  0   0   0   0   0   0   0   0   0   0]
 [ 24 327  16  25  13   0   0   2   1   0]
 [ 37   1 256  15   5   0   0  18   0   0]
 [  0   0   0   0   0   0   0   0   0   0]
 [ 21 101   8  66 977   5   5  11 112  28]
 [  0   0   0   0   0   0   0   0   0   0]
 [  0   0   0   0   0   0  11   0   0   0]
 [  8   0   0   5   3  47   0 134   0   0]
 [  2   6   1   2  15   3  77   3 330  30]
 [  0   0   0   0   0   0   0   0   0   0]]
Test Accuracy 0.7397
config
 ('tanh', 0.01, 100, (256, 256), 100)
model.algo <class 'embeddings.embedding_graphsage.GraphSageEmbeddingBadAware'>
layer_config (256, 256)
Accuracy = 0.7390
Precision = 0.4284
Recall = 0.4805
F1 Score = 0.4530
Confusion Matrix 
 [[  0   0   0   0   0   0   0   0   0   0]
 [ 24 323  18  22  13   0   0   2   1   0]
 [ 22   1 254   7   5   0   0  17   0   0]
 [  0   0   0   0   0   0   0   0   0   0]
 [ 22 105   8  72 977   4   5  11 109  28]
 [  0   0   0   0   0   0   0   0   0   0]
 [  0   0   0   0   0   0  11   0   0   0]
 [ 19   0   0   9   1   3   0 135   0   0]
 [  5   6   1   3  17  48  77   3 333  30]
 [  0   0   0   0   0   0   0   0   0   0]]
Test Accuracy 0.7390
config
 ('tanh', 0.01, 100, (256, 512, 256), 100)
model.algo <class 'embeddings.embedding_graphsage.GraphSageEmbeddingBadAware'>
layer_config (256, 512, 256)
Accuracy = 0.7528
Precision = 0.4557
Recall = 0.4849
F1 Score = 0.4699
Confusion Matrix 
 [[  0   0   0   0   0   0   0   0   0   0]
 [  3 381   0   3  52   0   4   1  61   1]
 [ 10   1 260   5   6   0   0  15   0   0]
 [  0   0   0   0   0   0   0   0   0   0]
 [ 49  47  20  83 938  55   2  11  48  18]
 [  0   0   0   0   0   0   0   0   0   0]
 [  0   0   0   0   0   0  26   0   2   0]
 [  9   0   0   6   1   0   0 135   1   0]
 [ 21   6   1  16  16   0  61   6 331  39]
 [  0   0   0   0   0   0   0   0   0   0]]
Test Accuracy 0.7528
config
 ('tanh', 0.01, 200, (128,), 100)
model.algo <class 'embeddings.embedding_graphsage.GraphSageEmbeddingBadAware'>
layer_config (128,)
Accuracy = 0.6972
Precision = 0.3827
Recall = 0.3790
F1 Score = 0.3808
Confusion Matrix 
 [[  0   0   0   0   0   0   0   0   0   0]
 [  0 268   0   0  19   0   0   0  45   1]
 [ 27   1 242  13  12  46   1  18   0  21]
 [  0   0   0   0   0   0   0   0   0   0]
 [ 65 158  38  98 972   4   4  36  72  32]
 [  0   0   0   0   0   0   0   0   0   0]
 [  0   0   0   0   0   0   0   0   0   0]
 [  0   0   0   0   0   5   0 110   0   0]
 [  0   8   1   2  10   0  88   4 326   4]
 [  0   0   0   0   0   0   0   0   0   0]]
Test Accuracy 0.6972
config
 ('tanh', 0.01, 200, (128, 128), 100)
model.algo <class 'embeddings.embedding_graphsage.GraphSageEmbeddingBadAware'>
layer_config (128, 128)
Accuracy = 0.7728
Precision = 0.5331
Recall = 0.5704
F1 Score = 0.5511
Confusion Matrix 
 [[  0   0   0   0   0   0   0   0   0   0]
 [  0 352   0   0   8   0   0  10   2   0]
 [ 47   1 255  15   5   0   0  11   0   0]
 [  0   0   0   0   0   0   0   0   0   0]
 [ 44  73  23  91 973   4   4   9  89  31]
 [  0   0   0   0   7  51   1   0   0  23]
 [  0   0   0   0   0   0  16   0   1   0]
 [  1   0   0   4   0   0   0 128   0   0]
 [  0   9   3   3  20   0  72  10 351   4]
 [  0   0   0   0   0   0   0   0   0   0]]
Test Accuracy 0.7728
config
 ('tanh', 0.01, 200, (256, 256), 100)
model.algo <class 'embeddings.embedding_graphsage.GraphSageEmbeddingBadAware'>
layer_config (256, 256)
Accuracy = 0.7412
Precision = 0.4211
Recall = 0.3627
F1 Score = 0.3897
Confusion Matrix 
 [[  0   0   0   0   0   0   0   0   0   0]
 [ 30 345  15  35  13   0   0   2   1   8]
 [ 45   1 258  23   7   0   0  17   0  12]
 [  0   0   0   0   0   0   0   0   0   0]
 [ 13  83   7  53 977   2   5  11 118  23]
 [  0   0   0   0   0   0   0   0   0   0]
 [  0   0   0   0   0   0   0   0   0   0]
 [  4   0   0   2   5  50   1 135   0   8]
 [  0   6   1   0  11   3  87   3 324   7]
 [  0   0   0   0   0   0   0   0   0   0]]
Test Accuracy 0.7412
config
 ('tanh', 0.01, 200, (256, 512, 256), 100)
model.algo <class 'embeddings.embedding_graphsage.GraphSageEmbeddingBadAware'>
layer_config (256, 512, 256)
Accuracy = 0.7495
Precision = 0.4563
Recall = 0.4557
F1 Score = 0.4560
Confusion Matrix 
 [[  0   0   0   0   0   0   0   0   0   0]
 [  2 352   0   0  35   0   4   1  52   1]
 [ 41   1 259  15   8   0   0  18   0  19]
 [  0   0   0   0   0   0   0   0   0   0]
 [ 36  76  21  88 952   5   1  11  54  29]
 [  0   0   0   0   0   0   0   0   0   0]
 [  0   0   0   0   0   0  31   0   4   0]
 [ 13   0   0   8   6  50   1 136   1   5]
 [  0   6   1   2  12   0  56   2 332   4]
 [  0   0   0   0   0   0   0   0   0   0]]
Test Accuracy 0.7495
config
 ('tanh', 0.1, 100, (128,), 100)
model.algo <class 'embeddings.embedding_graphsage.GraphSageEmbeddingBadAware'>
layer_config (128,)
Accuracy = 0.6870
Precision = 0.3553
Recall = 0.3373
F1 Score = 0.3461
Confusion Matrix 
 [[  0   0   0   0   0   0   0   0   0   0]
 [ 18 269   0  22   5  18   1  68   2   0]
 [ 27   1 246  12   5   0   0  24   0   0]
 [  0   0   0   0   0   0   0   0   0   0]
 [ 29 158  11  76 985   2   4  12 107  50]
 [  0   0   0   0   0   0   0   0   0   0]
 [  0   0   0   0   0   0   0   0   0   0]
 [  0   0   0   0   2  35   0  56   0   5]
 [ 18   7  24   3  16   0  88   8 334   3]
 [  0   0   0   0   0   0   0   0   0   0]]
Test Accuracy 0.6870
config
 ('tanh', 0.1, 100, (128, 128), 100)
model.algo <class 'embeddings.embedding_graphsage.GraphSageEmbeddingBadAware'>
layer_config (128, 128)
Accuracy = 0.6950
Precision = 0.3585
Recall = 0.3773
F1 Score = 0.3677
Confusion Matrix 
 [[  0   0   0   0   0   0   0   0   0   0]
 [ 32 326   6  51  17  51   1   3   1   1]
 [ 24   1 262  10   5   3   0 127   0   0]
 [  0   0   0   0   0   0   0   0   0   0]
 [ 18 102  11  52 978   1   5  14 114  36]
 [  0   0   0   0   0   0   0   0   0   0]
 [  0   0   0   0   0   0  18   0   1   0]
 [  7   0   0   0   0   0   0   1   0   0]
 [ 11   6   2   0  13   0  69  23 327  21]
 [  0   0   0   0   0   0   0   0   0   0]]
Test Accuracy 0.6950
config
 ('tanh', 0.1, 100, (256, 256), 100)
model.algo <class 'embeddings.embedding_graphsage.GraphSageEmbeddingBadAware'>
layer_config (256, 256)
Accuracy = 0.7666
Precision = 0.6134
Recall = 0.7692
F1 Score = 0.6825
Confusion Matrix 
 [[ 34   0   0   2   0   0   0   0   0   0]
 [  0 258   0   0   4   2   0   0   1  11]
 [  4   1 253   5   5   2   0   9   0   0]
 [  0   0   0   0   0   0   0   0   0   0]
 [ 21 166  27  63 974   1   4  35  83   9]
 [  0   0   0   0   4  50   1   0   0   0]
 [  0   0   0   0   0   0  26   0   1   0]
 [ 33   0   0  33   0   0   0 122   0   0]
 [  0  10   1  10  23   0  62   2 358   4]
 [  0   0   0   0   3   0   0   0   0  34]]
Test Accuracy 0.7666
config
 ('tanh', 0.1, 100, (256, 512, 256), 100)
model.algo <class 'embeddings.embedding_graphsage.GraphSageEmbeddingBadAware'>
layer_config (256, 512, 256)
Accuracy = 0.4620
Precision = 0.3621
Recall = 0.4407
F1 Score = 0.3975
Confusion Matrix 
 [[ 13   0   2   0   2   6   0   0   0   0]
 [  1 128  33   1 258   4   3   4 155  15]
 [ 40   0 156  19  26  39   3   5  29   0]
 [  2   0  61  26   4   0   0   4   2   0]
 [  8 299  15  25 714   1   4  16  82   7]
 [  6   0   0   0   1   0  63   2  15   0]
 [  0   4   0   0   2   0  20   0  94   1]
 [ 22   3  14  42   2   2   0 136   6   0]
 [  0   0   0   0   2   3   0   0  45   2]
 [  0   1   0   0   2   0   0   1  15  33]]
Test Accuracy 0.4620
config
 ('tanh', 0.1, 200, (128,), 100)
model.algo <class 'embeddings.embedding_graphsage.GraphSageEmbeddingBadAware'>
layer_config (128,)
Accuracy = 0.6856
Precision = 0.3339
Recall = 0.3015
F1 Score = 0.3169
Confusion Matrix 
 [[  0   0   0   0   0   0   0   0   0   0]
 [  0 313   0   0   5   0   0   0   2   0]
 [ 17   1 246   9   5   0   0 104   0   0]
 [  0   0   0   0   0   0   0   0   0   0]
 [ 75 113  34 100 985   4   4  62  99  38]
 [  0   0   0   0   0   0   0   0   0   0]
 [  0   0   0   0   0   0   0   0   0   0]
 [  0   0   0   0   5  51   1   0   0  17]
 [  0   8   1   4  13   0  88   2 342   3]
 [  0   0   0   0   0   0   0   0   0   0]]
Test Accuracy 0.6856
config
 ('tanh', 0.1, 200, (128, 128), 100)
model.algo <class 'embeddings.embedding_graphsage.GraphSageEmbeddingBadAware'>
layer_config (128, 128)
Accuracy = 0.7412
Precision = 0.4352
Recall = 0.4643
F1 Score = 0.4493
Confusion Matrix 
 [[  0   0   0   0   0   0   0   0   0   0]
 [ 21 327  18  23  13   0   0   2   1   0]
 [ 18   1 255   9   5   0   0  20   0   0]
 [  0   0   0   0   0   0   0   0   0   0]
 [ 20 101   7  67 977   4   5  12 112  28]
 [  0   0   0   0   0   0   0   0   0   0]
 [  0   0   0   0   0   0  18   0   1   0]
 [ 30   0   0  12   2  31   0 133   0   0]
 [  3   6   1   2  16  20  70   1 329  30]
 [  0   0   0   0   0   0   0   0   0   0]]
Test Accuracy 0.7412
config
 ('tanh', 0.1, 200, (256, 256), 100)
model.algo <class 'embeddings.embedding_graphsage.GraphSageEmbeddingBadAware'>
layer_config (256, 256)
Accuracy = 0.7441
Precision = 0.4424
Recall = 0.4597
F1 Score = 0.4509
Confusion Matrix 
 [[  0   0   0   0   0   0   0   0   0   0]
 [ 23 326  16  40  13   0   0   3   1   0]
 [ 24   1 257  19   5   0   0  19   0   0]
 [  0   0   0   0   0   0   0   0   0   0]
 [ 15 102   7  50 976   3   5  11 110  19]
 [  0   0   0   0   0   0   0   0   0   0]
 [  0   0   0   0   0   0  24   0   1   0]
 [ 26   0   0   2   5  46   0 133   0   9]
 [  4   6   1   2  14   6  64   2 331  30]
 [  0   0   0   0   0   0   0   0   0   0]]
Test Accuracy 0.7441
config
 ('tanh', 0.1, 200, (256, 512, 256), 100)
model.algo <class 'embeddings.embedding_graphsage.GraphSageEmbeddingBadAware'>
layer_config (256, 512, 256)
Accuracy = 0.7586
Precision = 0.5233
Recall = 0.5610
F1 Score = 0.5415
Confusion Matrix 
 [[  0   0   0   0   0   0   0   0   0   0]
 [  2 343   0   0  29   0   4   1  44   1]
 [  7   1 260   5   6   0   0  22   0   0]
 [  0   0   0   0   0   0   0   0   0   0]
 [ 33  85  20  84 957   1   1  14  62  15]
 [  2   0   0   0   4  52   1   0   0   0]
 [  0   0   0   0   0   0   9   0   0   0]
 [ 47   0   0  22   2   0   0 130   1  26]
 [  1   6   1   2  15   2  78   1 336  16]
 [  0   0   0   0   0   0   0   0   0   0]]
Test Accuracy 0.7586
config
 ('relu', 0.01, 100, (128,), 100)
model.algo <class 'embeddings.embedding_graphsage.GraphSageEmbeddingBadAware'>
layer_config (128,)
Accuracy = 0.6514
Precision = 0.3135
Recall = 0.2688
F1 Score = 0.2894
Confusion Matrix 
 [[  0   0   0   0   0   0   0   0   0   0]
 [  0 250   0   1  18   0   0   0  44   1]
 [ 37   1 243  14  12  51   1  97   0  21]
 [  0   0   0   0   0   0   0   0   0   0]
 [ 55 176  38  97 974   4   4  69  74  31]
 [  0   0   0   0   0   0   0   0   0   0]
 [  0   0   0   0   0   0   0   0   0   0]
 [  0   0   0   0   0   0   0   0   0   0]
 [  0   8   0   1   9   0  88   2 325   5]
 [  0   0   0   0   0   0   0   0   0   0]]
Test Accuracy 0.6514
config
 ('relu', 0.01, 100, (128, 128), 100)
model.algo <class 'embeddings.embedding_graphsage.GraphSageEmbeddingBadAware'>
layer_config (128, 128)
Accuracy = 0.5634
Precision = 0.2578
Recall = 0.1678
F1 Score = 0.2033
Confusion Matrix 
 [[  0   0   0   0   0   0   0   0   0   0]
 [  0   0   0   0   0   0   0   0   0   0]
 [  6   1 251   6   5   0   5 110   1   0]
 [  0   0   0   0   0   0   0   0   0   0]
 [  9 424   6  26 982   1   5   7 125   6]
 [  0   0   0   0   0   0   0   0   0   0]
 [  0   0   0   0   0   0   0   0   0   0]
 [  0   0   0   0   0   0   0   0   0   0]
 [ 77  10  24  81  26  54  83  51 317  52]
 [  0   0   0   0   0   0   0   0   0   0]]
Test Accuracy 0.5634
config
 ('relu', 0.01, 100, (256, 256), 100)
model.algo <class 'embeddings.embedding_graphsage.GraphSageEmbeddingBadAware'>
layer_config (256, 256)
Accuracy = 0.5682
Precision = 0.2627
Recall = 0.1594
F1 Score = 0.1984
Confusion Matrix 
 [[  0   0   0   0   0   0   0   0   0   0]
 [  0   0   0   0   0   0   0   0   0   0]
 [ 40   1 260  18  13  50  40 136   7  20]
 [  0   0   0   0   0   0   0   0   0   0]
 [  7 391   4  21 976   1   5   6 109   4]
 [  0   0   0   0   0   0   0   0   0   0]
 [  0   0   0   0   0   0   0   0   0   0]
 [  0   0   0   0   0   0   0   0   0   0]
 [ 45  43  17  74  24   4  48  26 327  34]
 [  0   0   0   0   0   0   0   0   0   0]]
Test Accuracy 0.5682
config
 ('relu', 0.01, 100, (256, 512, 256), 100)
model.algo <class 'embeddings.embedding_graphsage.GraphSageEmbeddingBadAware'>
layer_config (256, 512, 256)
Accuracy = 0.5082
Precision = 0.2233
Recall = 0.1416
F1 Score = 0.1733
Confusion Matrix 
 [[  0   0   0   0   0   0   0   0   0   0]
 [  0   0   0   0   0   0   0   0   0   0]
 [ 69   1 256  42  11  37  61 145  14  34]
 [  0   0   0   0   0   0   0   0   0   0]
 [  9 428   7  27 989   1   6   8 276   5]
 [  0   0   0   0   0   0   0   0   0   0]
 [  0   0   0   0   0   0   0   0   0   0]
 [  0   0   0   0   0   0   0   0   0   0]
 [ 14   6  18  44  13  17  26  15 153  19]
 [  0   0   0   0   0   0   0   0   0   0]]
Test Accuracy 0.5082
config
 ('relu', 0.01, 200, (128,), 100)
model.algo <class 'embeddings.embedding_graphsage.GraphSageEmbeddingBadAware'>
layer_config (128,)
Accuracy = 0.6507
Precision = 0.3130
Recall = 0.2695
F1 Score = 0.2897
Confusion Matrix 
 [[  0   0   0   0   0   0   0   0   0   0]
 [  0 252   0   0  19   0   0   0  41   1]
 [ 36   0 243  14  12  51   1  96   0  21]
 [  0   0   0   0   0   0   0   0   0   0]
 [ 56 176  38  97 974   4   4  70  81  31]
 [  0   0   0   0   0   0   0   0   0   0]
 [  0   0   0   0   0   0   0   0   0   0]
 [  0   0   0   0   0   0   0   0   0   0]
 [  0   7   0   2   8   0  88   2 321   5]
 [  0   0   0   0   0   0   0   0   0   0]]
Test Accuracy 0.6507
config
 ('relu', 0.01, 200, (128, 128), 100)
model.algo <class 'embeddings.embedding_graphsage.GraphSageEmbeddingBadAware'>
layer_config (128, 128)
Accuracy = 0.5714
Precision = 0.2629
Recall = 0.1813
F1 Score = 0.2146
Confusion Matrix 
 [[  0   0   0   0   0   0   0   0   0   0]
 [  4   0   0  20   8  50   1   0   0  40]
 [  0   1 248   5   5   0   0  98   0   0]
 [  0   0   0   0   0   0   0   0   0   0]
 [ 13 418   6  38 978   4   4   7  97  12]
 [  0   0   0   0   0   0   0   0   0   0]
 [  0   0   0   0   0   0   0   0   0   0]
 [  0   0   0   0   0   0   0   0   0   0]
 [ 75  16  27  50  22   1  88  63 346   6]
 [  0   0   0   0   0   0   0   0   0   0]]
Test Accuracy 0.5714
config
 ('relu', 0.01, 200, (256, 256), 100)
model.algo <class 'embeddings.embedding_graphsage.GraphSageEmbeddingBadAware'>
layer_config (256, 256)
Accuracy = 0.5227
Precision = 0.2314
Recall = 0.1576
F1 Score = 0.1875
Confusion Matrix 
 [[  0   0   0   0   0   0   0   0   0   0]
 [  0   0   0   0   0   0   0   0   0   0]
 [  2   1 249   4   5   1   2  90   1   0]
 [  0   0   0   0   0   0   0   0   0   0]
 [ 10 427   7  39 989   2   8  10 242  14]
 [  0   0   0   0   0   0   0   0   0   0]
 [  0   0   0   0   0   0   0   0   0   0]
 [  0   0   0   0   0   0   0   0   0   0]
 [ 80   7  25  70  19  52  83  68 200  44]
 [  0   0   0   0   0   0   0   0   0   0]]
Test Accuracy 0.5227
config
 ('relu', 0.01, 200, (256, 512, 256), 100)
model.algo <class 'embeddings.embedding_graphsage.GraphSageEmbeddingBadAware'>
layer_config (256, 512, 256)
Accuracy = 0.4664
Precision = 0.1960
Recall = 0.1103
F1 Score = 0.1411
Confusion Matrix 
 [[  0   0   0   0   0   0   0   0   0   0]
 [  0   0   0   0   0   0   0   0   0   0]
 [ 63   1 251  26  13  50  25 145   2  28]
 [  0   0   0   0   0   0   0   0   0   0]
 [ 10 432  13  32 994   1  15  10 403  14]
 [  0   0   0   0   0   0   0   0   0   0]
 [  0   0   0   0   0   0   0   0   0   0]
 [  0   0   0   0   0   0   0   0   0   0]
 [ 19   2  17  55   6   4  53  13  38  16]
 [  0   0   0   0   0   0   0   0   0   0]]
Test Accuracy 0.4664
config
 ('relu', 0.1, 100, (128,), 100)
model.algo <class 'embeddings.embedding_graphsage.GraphSageEmbeddingBadAware'>
layer_config (128,)
Accuracy = 0.6390
Precision = 0.3045
Recall = 0.2574
F1 Score = 0.2790
Confusion Matrix 
 [[  0   0   0   0   0   0   0   0   0   0]
 [ 20 216  23   5   5   0   0  52   0   0]
 [ 12   0 246   8   5   0   0  86   0   0]
 [  0   0   0   0   0   0   0   0   0   0]
 [ 35 213  12  84 986   3   6  30 133  23]
 [  0   0   0   0   0   0   0   0   0   0]
 [  0   0   0   0   0   0   0   0   0   0]
 [  0   0   0   0   0   0   0   0   0   0]
 [ 25   6   0  16  17  52  87   0 310  35]
 [  0   0   0   0   0   0   0   0   0   0]]
Test Accuracy 0.6390
config
 ('relu', 0.1, 100, (128, 128), 100)
model.algo <class 'embeddings.embedding_graphsage.GraphSageEmbeddingBadAware'>
layer_config (128, 128)
Accuracy = 0.4642
Precision = 0.1949
Recall = 0.1083
F1 Score = 0.1393
Confusion Matrix 
 [[  0   0   0   0   0   0   0   0   0   0]
 [  0   0   0   0   0   0   0   0   0   0]
 [ 53   1 253  30  10  50   6 138   1  18]
 [  0   0   0   0   0   0   0   0   0   0]
 [ 10 432  12  31 994   1  23  10 412  14]
 [  0   0   0   0   0   0   0   0   0   0]
 [  0   0   0   0   0   0   0   0   0   0]
 [  0   0   0   0   0   0   0   0   0   0]
 [ 29   2  16  52   9   4  64  20  30  26]
 [  0   0   0   0   0   0   0   0   0   0]]
Test Accuracy 0.4642
config
 ('relu', 0.1, 100, (256, 256), 100)
model.algo <class 'embeddings.embedding_graphsage.GraphSageEmbeddingBadAware'>
layer_config (256, 256)
Accuracy = 0.6856
Precision = 0.3397
Recall = 0.2668
F1 Score = 0.2989
Confusion Matrix 
 [[  0   0   0   0   0   0   0   0   0   0]
 [  2 347   0   1  38   0   2   2  57   0]
 [ 54   1 256  21   7   0   0 120   0  25]
 [  0   0   0   0   0   0   0   0   0   0]
 [ 35  81  24  76 951   2   2  45  54  20]
 [  0   0   0   0   0   0   0   0   0   0]
 [  0   0   0   0   0   0   0   0   0   0]
 [  0   0   0   0   0   0   0   0   0   0]
 [  1   6   1  15  17  53  89   1 332  13]
 [  0   0   0   0   0   0   0   0   0   0]]
Test Accuracy 0.6856
config
 ('relu', 0.1, 100, (256, 512, 256), 100)
model.algo <class 'embeddings.embedding_graphsage.GraphSageEmbeddingBadAware'>
layer_config (256, 512, 256)
Accuracy = 0.4264
Precision = 0.1717
Recall = 0.1180
F1 Score = 0.1399
Confusion Matrix 
 [[  0   0   0   0   0   0   0   0   0   0]
 [ 90 426 281 107 258  55  93 168 432  58]
 [  0   0   0   0   0   0   0   0   0   0]
 [  0   0   0   0   0   0   0   0   0   0]
 [  2   9   0   6 747   0   0   0  11   0]
 [  0   0   0   0   0   0   0   0   0   0]
 [  0   0   0   0   0   0   0   0   0   0]
 [  0   0   0   0   0   0   0   0   0   0]
 [  0   0   0   0   8   0   0   0   0   0]
 [  0   0   0   0   0   0   0   0   0   0]]
Test Accuracy 0.4264
config
 ('relu', 0.1, 200, (128,), 100)
model.algo <class 'embeddings.embedding_graphsage.GraphSageEmbeddingBadAware'>
layer_config (128,)
Accuracy = 0.6670
Precision = 0.3226
Recall = 0.2584
F1 Score = 0.2869
Confusion Matrix 
 [[  0   0   0   0   0   0   0   0   0   0]
 [ 60 293  27  37   8   2   0  45   1  10]
 [ 16   1 246  18  11  50   1 102   0  21]
 [  0   0   0   0   0   0   0   0   0   0]
 [ 16 135   8  58 983   2   5  21 129  19]
 [  0   0   0   0   0   0   0   0   0   0]
 [  0   0   0   0   0   0   0   0   0   0]
 [  0   0   0   0   0   0   0   0   0   0]
 [  0   6   0   0  11   1  87   0 313   8]
 [  0   0   0   0   0   0   0   0   0   0]]
Test Accuracy 0.6670
config
 ('relu', 0.1, 200, (128, 128), 100)
model.algo <class 'embeddings.embedding_graphsage.GraphSageEmbeddingBadAware'>
layer_config (128, 128)
Accuracy = 0.6579
Precision = 0.3175
Recall = 0.2675
F1 Score = 0.2904
Confusion Matrix 
 [[  0   0   0   0   0   0   0   0   0   0]
 [  0 287   0   0  22   0   1   1  47   2]
 [  3   1 237  30   5   2   0 117   0   0]
 [  0   0   0   0   0   0   0   0   0   0]
 [ 48 141  43  79 969   8   5  47  79  26]
 [  0   0   0   0   0   0   0   0   0   0]
 [  0   0   0   0   0   0   0   0   0   0]
 [  2   0   0   0   1  26   0   0   0   0]
 [ 39   6   1   4  16  19  87   3 317  30]
 [  0   0   0   0   0   0   0   0   0   0]]
Test Accuracy 0.6579
config
 ('relu', 0.1, 200, (256, 256), 100)
model.algo <class 'embeddings.embedding_graphsage.GraphSageEmbeddingBadAware'>
layer_config (256, 256)
Accuracy = 0.7292
Precision = 0.4077
Recall = 0.3536
F1 Score = 0.3787
Confusion Matrix 
 [[  0   0   0   0   0   0   0   0   0   0]
 [ 31 328  17  46  13   0   0   2   1   4]
 [ 24   1 256  12   5   0   0  28   0   0]
 [  0   0   0   0   0   0   0   0   0   0]
 [ 14 100   7  49 977   3   5  12 117  24]
 [  0   0   0   0   0   0   0   0   0   0]
 [  0   0   0   0   0   0   0   0   0   0]
 [ 23   0   0   4   5  49   0 120   0  17]
 [  0   6   1   2  13   3  88   6 325  13]
 [  0   0   0   0   0   0   0   0   0   0]]
Test Accuracy 0.7292
config
 ('relu', 0.1, 200, (256, 512, 256), 100)
model.algo <class 'embeddings.embedding_graphsage.GraphSageEmbeddingBadAware'>
layer_config (256, 512, 256)
Accuracy = 0.6125
Precision = 0.2903
Recall = 0.2323
F1 Score = 0.2581
Confusion Matrix 
 [[  0   0   0   0   0   0   0   0   0   0]
 [ 19 335  19  17  17   0   0  21   3   0]
 [ 11   1 255   7   5   0   0 137   0   0]
 [  0   0   0   0   0   0   0   0   0   0]
 [  7  96   7  29 981   1   8   8 326  14]
 [  0   0   0   0   0   0   0   0   0   0]
 [  0   0   0   0   0   0   0   0   0   0]
 [  1   0   0   2   0   0   0   0   0   0]
 [ 54   3   0  58  10  54  85   2 114  44]
 [  0   0   0   0   0   0   0   0   0   0]]
Test Accuracy 0.6125
config
 ('tanh', 0.01, 100, (128,), 100)
model.algo <class 'embeddings.embedding_graphsage.GraphSageEmbeddingNCLID'>
layer_config (128,)
Accuracy = 0.8909
Precision = 0.8709
Recall = 0.8953
F1 Score = 0.8829
Confusion Matrix 
 [[ 76   0   0   2   0   0   0   2   0   0]
 [  0 407   5   0  27   0   1   2  15   0]
 [  0   0 253   3   5   0   0   4   1   0]
 [  5   1   1 105   5   0   0   0   1   0]
 [  9  15  14   3 932   3   1   6  46   8]
 [  0   0   0   0   2  50   1   0   0   0]
 [  1   1   0   0   1   0  73   0  22   0]
 [  0   1   6   0   3   0   0 152   1   0]
 [  1  10   2   0  34   2  17   2 357   4]
 [  0   0   0   0   4   0   0   0   0  46]]
Test Accuracy 0.8909
config
 ('tanh', 0.01, 100, (128, 128), 100)
model.algo <class 'embeddings.embedding_graphsage.GraphSageEmbeddingNCLID'>
layer_config (128, 128)
Accuracy = 0.9040
Precision = 0.8898
Recall = 0.9072
F1 Score = 0.8984
Confusion Matrix 
 [[ 83   0   0   2   2   0   0   2   0   0]
 [  0 404   6   0  21   0   0   0  10   0]
 [  0   0 258   2   6   0   0   8   0   0]
 [  3   1   0 103   6   0   0   0   1   0]
 [  5  19  11   5 945   3   1   5  46   5]
 [  0   0   0   0   3  52   1   0   0   0]
 [  0   1   0   0   1   0  71   0  15   0]
 [  0   1   3   0   2   0   0 151   1   0]
 [  1   9   3   0  24   0  20   2 370   3]
 [  0   0   0   1   3   0   0   0   0  50]]
Test Accuracy 0.9040
config
 ('tanh', 0.01, 100, (256, 256), 100)
model.algo <class 'embeddings.embedding_graphsage.GraphSageEmbeddingNCLID'>
layer_config (256, 256)
Accuracy = 0.9033
Precision = 0.8830
Recall = 0.9063
F1 Score = 0.8945
Confusion Matrix 
 [[ 81   0   0   2   1   0   0   2   0   0]
 [  1 403   6   1  18   0   1   3   9   0]
 [  0   0 260   2   7   0   0   6   0   0]
 [  2   1   1 101   3   0   0   0   1   0]
 [  7  21   8   6 952   2   2   5  46   4]
 [  0   0   0   0   2  52   1   0   0   0]
 [  0   1   0   0   1   0  66   0  18   0]
 [  0   1   3   0   2   0   0 151   1   0]
 [  1   8   3   0  23   1  23   1 368   3]
 [  0   0   0   1   4   0   0   0   0  51]]
Test Accuracy 0.9033
config
 ('tanh', 0.01, 100, (256, 512, 256), 100)
model.algo <class 'embeddings.embedding_graphsage.GraphSageEmbeddingNCLID'>
layer_config (256, 512, 256)
Accuracy = 0.9015
Precision = 0.8920
Recall = 0.8957
F1 Score = 0.8939
Confusion Matrix 
 [[ 82   0   0   2   2   0   0   1   0   0]
 [  0 410   3   0  24   0   0   2   6   0]
 [  0   0 262   3   9   0   0   6   1   0]
 [  6   1   1 104   9   0   0   0   1   0]
 [  3  14   5   3 922   3   1   6  39   2]
 [  0   0   0   0   3  52   1   0   0   0]
 [  0   1   0   0   1   0  68   0  18   0]
 [  0   1   6   1   3   0   0 151   1   0]
 [  1   8   4   0  36   0  23   2 377   4]
 [  0   0   0   0   4   0   0   0   0  52]]
Test Accuracy 0.9015
config
 ('tanh', 0.01, 200, (128,), 100)
model.algo <class 'embeddings.embedding_graphsage.GraphSageEmbeddingNCLID'>
layer_config (128,)
Accuracy = 0.8953
Precision = 0.8799
Recall = 0.8971
F1 Score = 0.8884
Confusion Matrix 
 [[ 83   0   0   2   0   0   0   2   0   0]
 [  0 400   1   0  21   0   0   2   8   0]
 [  0   0 254   2   4   0   0   7   0   0]
 [  3   1   1 100   3   0   0   0   0   0]
 [  4  20  17   5 939   1   2   6  46   8]
 [  0   0   0   0   3  53   1   0   0   0]
 [  0   2   0   0   1   0  72   0  22   0]
 [  1   1   5   0   3   0   0 149   1   0]
 [  1  11   3   2  35   1  18   2 366   3]
 [  0   0   0   2   4   0   0   0   0  47]]
Test Accuracy 0.8953
config
 ('tanh', 0.01, 200, (128, 128), 100)
model.algo <class 'embeddings.embedding_graphsage.GraphSageEmbeddingNCLID'>
layer_config (128, 128)
